0 info it worked if it ends with ok
1 verbose cli [ 'C:\\Program Files\\nodejs\\node.exe',
1 verbose cli   'C:\\Program Files\\nodejs\\node_modules\\npm\\bin\\npm-cli.js',
1 verbose cli   'start' ]
2 info using npm@1.3.21
3 info using node@v7.7.3
4 verbose run-script [ 'prestart', 'start', 'poststart' ]
5 info prestart diploma@0.0.1
6 info start diploma@0.0.1
7 verbose unsafe-perm in lifecycle true
8 info diploma@0.0.1 Failed to exec start script
9 error diploma@0.0.1 start: `node server.js`
9 error Exit status 1
10 error Failed at the diploma@0.0.1 start script.
10 error This is most likely a problem with the diploma package,
10 error not with npm itself.
10 error Tell the author that this fails on your system:
10 error     node server.js
10 error You can get their info via:
10 error     npm owner ls diploma
10 error There is likely additional logging output above.
11 error System Windows_NT 6.3.9600
12 error command "C:\\Program Files\\nodejs\\node.exe" "C:\\Program Files\\nodejs\\node_modules\\npm\\bin\\npm-cli.js" "start"
13 error cwd D:\_Study\node.study\diploma
14 error node -v v7.7.3
15 error npm -v 1.3.21
16 error code ELIFECYCLE
17 verbose exit [ 1, true ]
